2021-07-18 11:59:42 info: ------------------------------------------------------
2021-07-18 11:59:42 info: >>> Running Unit Test `ex1-doubleEvenNumbers.test` <<<
2021-07-18 11:59:42 info: ------------------------------------------------------
2021-07-18 11:59:52 info: All unit tests passed.
2021-07-18 11:59:57 info: All steps were completed successfully
2021-07-18 07:34:38 info: -------------------------------------------------
2021-07-18 07:34:38 info: >>> Running Unit Test `ex2-mondaysWorth.test` <<<
2021-07-18 07:34:38 info: -------------------------------------------------
2021-07-18 07:34:49 error: *** Unit Test Error Report ***

Command failed: npx jest "D:\HYF-homework-JS\Homework-class33\1-JavaScript\Week4\homework\ex2-mondaysWorth.test.js" --colors
 FAIL  1-JavaScript/Week4/homework/ex2-mondaysWorth.test.js
  computeEarnings
    × should take two parameters (6 ms)
    × should compute the earnings as a formatted Euro amount (2 ms)

  ● computeEarnings › should take two parameters

    expect(received).toHaveLength(expected)

    Expected length:   2
    Received length:   0
    Received function: [Function computeEarnings]

      39 |     // The `.length` property indicates the number of parameters expected by
      40 |     // the function.
    > 41 |     expect(computeEarnings).toHaveLength(2);
         |                             ^
      42 |   });
      43 | 
      44 |   test('should compute the earnings as a formatted Euro amount', () => {

      at Object.<anonymous> (1-JavaScript/Week4/homework/ex2-mondaysWorth.test.js:41:29)

  ● computeEarnings › should compute the earnings as a formatted Euro amount

    expect(received).toBe(expected) // Object.is equality

    Expected: "€187.50"
    Received: undefined

      45 |     const result = computeEarnings(mondayTasks, hourlyRate);
      46 |     const expected = '€187.50';
    > 47 |     expect(result).toBe(expected);
         |                    ^
      48 |   });
      49 | });
      50 | 

      at Object.<anonymous> (1-JavaScript/Week4/homework/ex2-mondaysWorth.test.js:47:20)

Test Suites: 1 failed, 1 total
Tests:       2 failed, 2 total
Snapshots:   0 total
Time:        6.709 s
Ran all test suites matching /D:\\HYF-homework-JS\\Homework-class33\\1-JavaScript\\Week4\\homework\\ex2-mondaysWorth.test.js/i.
npm ERR! code 1
npm ERR! path D:\HYF-homework-JS\Homework-class33
npm ERR! command failed
npm ERR! command C:\WINDOWS\system32\cmd.exe /d /s /c jest D:\\HYF-homework-JS\\Homework-class33\\1-JavaScript\\Week4\\homework\\ex2-mondaysWorth.test.js --colors

npm ERR! A complete log of this run can be found in:
npm ERR!     C:\Users\31610\AppData\Local\npm-cache\_logs\2021-07-18T17_34_49_587Z-debug.log
)
2021-07-18 07:36:33 info: -------------------------------------------------
2021-07-18 07:36:33 info: >>> Running Unit Test `ex2-mondaysWorth.test` <<<
2021-07-18 07:36:33 info: -------------------------------------------------
2021-07-18 07:36:37 error: *** Unit Test Error Report ***

Command failed: npx jest "D:\HYF-homework-JS\Homework-class33\1-JavaScript\Week4\homework\ex2-mondaysWorth.test.js" --colors
 FAIL  1-JavaScript/Week4/homework/ex2-mondaysWorth.test.js
  computeEarnings
    × should take two parameters (5 ms)
    × should compute the earnings as a formatted Euro amount (2 ms)

  ● computeEarnings › should take two parameters

    expect(received).toHaveLength(expected)

    Expected length:   2
    Received length:   0
    Received function: [Function computeEarnings]

      39 |     // The `.length` property indicates the number of parameters expected by
      40 |     // the function.
    > 41 |     expect(computeEarnings).toHaveLength(2);
         |                             ^
      42 |   });
      43 | 
      44 |   test('should compute the earnings as a formatted Euro amount', () => {

      at Object.<anonymous> (1-JavaScript/Week4/homework/ex2-mondaysWorth.test.js:41:29)

  ● computeEarnings › should compute the earnings as a formatted Euro amount

    expect(received).toBe(expected) // Object.is equality

    Expected: "€187.50"
    Received: undefined

      45 |     const result = computeEarnings(mondayTasks, hourlyRate);
      46 |     const expected = '€187.50';
    > 47 |     expect(result).toBe(expected);
         |                    ^
      48 |   });
      49 | });
      50 | 

      at Object.<anonymous> (1-JavaScript/Week4/homework/ex2-mondaysWorth.test.js:47:20)

Test Suites: 1 failed, 1 total
Tests:       2 failed, 2 total
Snapshots:   0 total
Time:        1.908 s, estimated 2 s
Ran all test suites matching /D:\\HYF-homework-JS\\Homework-class33\\1-JavaScript\\Week4\\homework\\ex2-mondaysWorth.test.js/i.
npm ERR! code 1
npm ERR! path D:\HYF-homework-JS\Homework-class33
npm ERR! command failed
npm ERR! command C:\WINDOWS\system32\cmd.exe /d /s /c jest D:\\HYF-homework-JS\\Homework-class33\\1-JavaScript\\Week4\\homework\\ex2-mondaysWorth.test.js --colors

npm ERR! A complete log of this run can be found in:
npm ERR!     C:\Users\31610\AppData\Local\npm-cache\_logs\2021-07-18T17_36_37_387Z-debug.log
)
2021-07-18 07:37:23 info: -------------------------------------------------
2021-07-18 07:37:23 info: >>> Running Unit Test `ex2-mondaysWorth.test` <<<
2021-07-18 07:37:23 info: -------------------------------------------------
2021-07-18 07:37:28 error: *** Unit Test Error Report ***

Command failed: npx jest "D:\HYF-homework-JS\Homework-class33\1-JavaScript\Week4\homework\ex2-mondaysWorth.test.js" --colors
 FAIL  1-JavaScript/Week4/homework/ex2-mondaysWorth.test.js
  computeEarnings
    √ should take two parameters (3 ms)
    × should compute the earnings as a formatted Euro amount (3 ms)

  ● computeEarnings › should compute the earnings as a formatted Euro amount

    expect(received).toBe(expected) // Object.is equality

    Expected: "€187.50"
    Received: undefined

      45 |     const result = computeEarnings(mondayTasks, hourlyRate);
      46 |     const expected = '€187.50';
    > 47 |     expect(result).toBe(expected);
         |                    ^
      48 |   });
      49 | });
      50 | 

      at Object.<anonymous> (1-JavaScript/Week4/homework/ex2-mondaysWorth.test.js:47:20)

Test Suites: 1 failed, 1 total
Tests:       1 failed, 1 passed, 2 total
Snapshots:   0 total
Time:        2.144 s
Ran all test suites matching /D:\\HYF-homework-JS\\Homework-class33\\1-JavaScript\\Week4\\homework\\ex2-mondaysWorth.test.js/i.
npm ERR! code 1
npm ERR! path D:\HYF-homework-JS\Homework-class33
npm ERR! command failed
npm ERR! command C:\WINDOWS\system32\cmd.exe /d /s /c jest D:\\HYF-homework-JS\\Homework-class33\\1-JavaScript\\Week4\\homework\\ex2-mondaysWorth.test.js --colors

npm ERR! A complete log of this run can be found in:
npm ERR!     C:\Users\31610\AppData\Local\npm-cache\_logs\2021-07-18T17_37_28_247Z-debug.log
)
2021-07-18 07:37:30 error: *** ESLint Report ***

ex2-mondaysWorth.test.js
  32:26  error  'tasks' is defined but never used  no-unused-vars
  32:32  error  'rate' is defined but never used   no-unused-vars

✖ 2 problems (2 errors, 0 warnings)


2021-07-18 07:43:27 info: -------------------------------------------------
2021-07-18 07:43:27 info: >>> Running Unit Test `ex2-mondaysWorth.test` <<<
2021-07-18 07:43:27 info: -------------------------------------------------
2021-07-18 07:43:32 error: *** Unit Test Error Report ***

Command failed: npx jest "D:\HYF-homework-JS\Homework-class33\1-JavaScript\Week4\homework\ex2-mondaysWorth.test.js" --colors
 FAIL  1-JavaScript/Week4/homework/ex2-mondaysWorth.test.js
  computeEarnings
    √ should take two parameters (3 ms)
    × should compute the earnings as a formatted Euro amount (4 ms)

  ● computeEarnings › should compute the earnings as a formatted Euro amount

    expect(received).toBe(expected) // Object.is equality

    Expected: "€187.50"
    Received: NaN

      48 |     const result = computeEarnings(mondayTasks, hourlyRate);
      49 |     const expected = '€187.50';
    > 50 |     expect(result).toBe(expected);
         |                    ^
      51 |   });
      52 | });
      53 | 

      at Object.<anonymous> (1-JavaScript/Week4/homework/ex2-mondaysWorth.test.js:50:20)

Test Suites: 1 failed, 1 total
Tests:       1 failed, 1 passed, 2 total
Snapshots:   0 total
Time:        2.236 s
Ran all test suites matching /D:\\HYF-homework-JS\\Homework-class33\\1-JavaScript\\Week4\\homework\\ex2-mondaysWorth.test.js/i.
npm ERR! code 1
npm ERR! path D:\HYF-homework-JS\Homework-class33
npm ERR! command failed
npm ERR! command C:\WINDOWS\system32\cmd.exe /d /s /c jest D:\\HYF-homework-JS\\Homework-class33\\1-JavaScript\\Week4\\homework\\ex2-mondaysWorth.test.js --colors

npm ERR! A complete log of this run can be found in:
npm ERR!     C:\Users\31610\AppData\Local\npm-cache\_logs\2021-07-18T17_43_31_975Z-debug.log
)
2021-07-18 07:45:42 info: -------------------------------------------------
2021-07-18 07:45:42 info: >>> Running Unit Test `ex2-mondaysWorth.test` <<<
2021-07-18 07:45:42 info: -------------------------------------------------
2021-07-18 07:45:46 error: *** Unit Test Error Report ***

Command failed: npx jest "D:\HYF-homework-JS\Homework-class33\1-JavaScript\Week4\homework\ex2-mondaysWorth.test.js" --colors
 FAIL  1-JavaScript/Week4/homework/ex2-mondaysWorth.test.js
  computeEarnings
    √ should take two parameters (3 ms)
    × should compute the earnings as a formatted Euro amount (5 ms)

  ● computeEarnings › should compute the earnings as a formatted Euro amount

    expect(received).toBe(expected) // Object.is equality

    Expected: "€187.50"
    Received: "€NaN"

      49 |     const result = computeEarnings(mondayTasks, hourlyRate);
      50 |     const expected = '€187.50';
    > 51 |     expect(result).toBe(expected);
         |                    ^
      52 |   });
      53 | });
      54 | 

      at Object.<anonymous> (1-JavaScript/Week4/homework/ex2-mondaysWorth.test.js:51:20)

Test Suites: 1 failed, 1 total
Tests:       1 failed, 1 passed, 2 total
Snapshots:   0 total
Time:        2.183 s
Ran all test suites matching /D:\\HYF-homework-JS\\Homework-class33\\1-JavaScript\\Week4\\homework\\ex2-mondaysWorth.test.js/i.
npm ERR! code 1
npm ERR! path D:\HYF-homework-JS\Homework-class33
npm ERR! command failed
npm ERR! command C:\WINDOWS\system32\cmd.exe /d /s /c jest D:\\HYF-homework-JS\\Homework-class33\\1-JavaScript\\Week4\\homework\\ex2-mondaysWorth.test.js --colors

npm ERR! A complete log of this run can be found in:
npm ERR!     C:\Users\31610\AppData\Local\npm-cache\_logs\2021-07-18T17_45_46_714Z-debug.log
)
2021-07-18 07:54:02 info: -------------------------------------------------
2021-07-18 07:54:02 info: >>> Running Unit Test `ex2-mondaysWorth.test` <<<
2021-07-18 07:54:02 info: -------------------------------------------------
2021-07-18 07:54:06 error: *** Unit Test Error Report ***

Command failed: npx jest "D:\HYF-homework-JS\Homework-class33\1-JavaScript\Week4\homework\ex2-mondaysWorth.test.js" --colors
 FAIL  1-JavaScript/Week4/homework/ex2-mondaysWorth.test.js
  computeEarnings
    √ should take two parameters (2 ms)
    × should compute the earnings as a formatted Euro amount (5 ms)

  ● computeEarnings › should compute the earnings as a formatted Euro amount

    expect(received).toBe(expected) // Object.is equality

    Expected: "€187.50"
    Received: "€NaN"

      50 |     const result = computeEarnings(mondayTasks, hourlyRate);
      51 |     const expected = '€187.50';
    > 52 |     expect(result).toBe(expected);
         |                    ^
      53 |   });
      54 | });
      55 | 

      at Object.<anonymous> (1-JavaScript/Week4/homework/ex2-mondaysWorth.test.js:52:20)

Test Suites: 1 failed, 1 total
Tests:       1 failed, 1 passed, 2 total
Snapshots:   0 total
Time:        2.149 s
Ran all test suites matching /D:\\HYF-homework-JS\\Homework-class33\\1-JavaScript\\Week4\\homework\\ex2-mondaysWorth.test.js/i.
npm ERR! code 1
npm ERR! path D:\HYF-homework-JS\Homework-class33
npm ERR! command failed
npm ERR! command C:\WINDOWS\system32\cmd.exe /d /s /c jest D:\\HYF-homework-JS\\Homework-class33\\1-JavaScript\\Week4\\homework\\ex2-mondaysWorth.test.js --colors

npm ERR! A complete log of this run can be found in:
npm ERR!     C:\Users\31610\AppData\Local\npm-cache\_logs\2021-07-18T17_54_06_866Z-debug.log
)
2021-07-18 08:44:40 info: -------------------------------------------------
2021-07-18 08:44:40 info: >>> Running Unit Test `ex2-mondaysWorth.test` <<<
2021-07-18 08:44:40 info: -------------------------------------------------
2021-07-18 08:44:44 error: *** Unit Test Error Report ***

Command failed: npx jest "D:\HYF-homework-JS\Homework-class33\1-JavaScript\Week4\homework\ex2-mondaysWorth.test.js" --colors
 FAIL  1-JavaScript/Week4/homework/ex2-mondaysWorth.test.js
  computeEarnings
    √ should take two parameters (2 ms)
    × should compute the earnings as a formatted Euro amount (3 ms)

  ● computeEarnings › should compute the earnings as a formatted Euro amount

    expect(received).toBe(expected) // Object.is equality

    Expected: "€187.50"
    Received: "€NaN"

      50 |     const result = computeEarnings(mondayTasks, hourlyRate);
      51 |     const expected = '€187.50';
    > 52 |     expect(result).toBe(expected);
         |                    ^
      53 |   });
      54 | });
      55 | 

      at Object.<anonymous> (1-JavaScript/Week4/homework/ex2-mondaysWorth.test.js:52:20)

Test Suites: 1 failed, 1 total
Tests:       1 failed, 1 passed, 2 total
Snapshots:   0 total
Time:        1.397 s, estimated 2 s
Ran all test suites matching /D:\\HYF-homework-JS\\Homework-class33\\1-JavaScript\\Week4\\homework\\ex2-mondaysWorth.test.js/i.
npm ERR! code 1
npm ERR! path D:\HYF-homework-JS\Homework-class33
npm ERR! command failed
npm ERR! command C:\WINDOWS\system32\cmd.exe /d /s /c jest D:\\HYF-homework-JS\\Homework-class33\\1-JavaScript\\Week4\\homework\\ex2-mondaysWorth.test.js --colors

npm ERR! A complete log of this run can be found in:
npm ERR!     C:\Users\31610\AppData\Local\npm-cache\_logs\2021-07-18T18_44_44_601Z-debug.log
)
2021-07-18 08:45:45 info: -------------------------------------------------
2021-07-18 08:45:45 info: >>> Running Unit Test `ex2-mondaysWorth.test` <<<
2021-07-18 08:45:45 info: -------------------------------------------------
2021-07-18 08:45:49 error: *** Unit Test Error Report ***

Command failed: npx jest "D:\HYF-homework-JS\Homework-class33\1-JavaScript\Week4\homework\ex2-mondaysWorth.test.js" --colors
 FAIL  1-JavaScript/Week4/homework/ex2-mondaysWorth.test.js
  computeEarnings
    √ should take two parameters (2 ms)
    × should compute the earnings as a formatted Euro amount (1 ms)

  ● computeEarnings › should compute the earnings as a formatted Euro amount

    TypeError: Cannot read property 'duration' of undefined

      34 |   const taskDurationRate = tasks
      35 |   .map((item) => {item.duration})
    > 36 |   .map((item) => {item.duration * rate});
         |                        ^
      37 |   const sumAllDurations = taskDurationRate.reduce((total, item) => total + item, 0);
      38 |   return `€${sumAllDurations}`;
      39 | }

      at map (1-JavaScript/Week4/homework/ex2-mondaysWorth.test.js:36:24)
          at Array.map (<anonymous>)
      at computeEarnings (1-JavaScript/Week4/homework/ex2-mondaysWorth.test.js:36:4)
      at Object.<anonymous> (1-JavaScript/Week4/homework/ex2-mondaysWorth.test.js:50:20)

Test Suites: 1 failed, 1 total
Tests:       1 failed, 1 passed, 2 total
Snapshots:   0 total
Time:        2.148 s
Ran all test suites matching /D:\\HYF-homework-JS\\Homework-class33\\1-JavaScript\\Week4\\homework\\ex2-mondaysWorth.test.js/i.
npm ERR! code 1
npm ERR! path D:\HYF-homework-JS\Homework-class33
npm ERR! command failed
npm ERR! command C:\WINDOWS\system32\cmd.exe /d /s /c jest D:\\HYF-homework-JS\\Homework-class33\\1-JavaScript\\Week4\\homework\\ex2-mondaysWorth.test.js --colors

npm ERR! A complete log of this run can be found in:
npm ERR!     C:\Users\31610\AppData\Local\npm-cache\_logs\2021-07-18T18_45_49_519Z-debug.log
)
2021-07-18 08:50:00 info: -------------------------------------------------
2021-07-18 08:50:00 info: >>> Running Unit Test `ex2-mondaysWorth.test` <<<
2021-07-18 08:50:00 info: -------------------------------------------------
2021-07-18 08:50:05 error: *** Unit Test Error Report ***

Command failed: npx jest "D:\HYF-homework-JS\Homework-class33\1-JavaScript\Week4\homework\ex2-mondaysWorth.test.js" --colors
 FAIL  1-JavaScript/Week4/homework/ex2-mondaysWorth.test.js
  computeEarnings
    √ should take two parameters (3 ms)
    × should compute the earnings as a formatted Euro amount (4 ms)

  ● computeEarnings › should compute the earnings as a formatted Euro amount

    expect(received).toBe(expected) // Object.is equality

    Expected: "€187.50"
    Received: "€187.5"

      49 |     const result = computeEarnings(mondayTasks, hourlyRate);
      50 |     const expected = '€187.50';
    > 51 |     expect(result).toBe(expected);
         |                    ^
      52 |   });
      53 | });
      54 | 

      at Object.<anonymous> (1-JavaScript/Week4/homework/ex2-mondaysWorth.test.js:51:20)

Test Suites: 1 failed, 1 total
Tests:       1 failed, 1 passed, 2 total
Snapshots:   0 total
Time:        2.184 s
Ran all test suites matching /D:\\HYF-homework-JS\\Homework-class33\\1-JavaScript\\Week4\\homework\\ex2-mondaysWorth.test.js/i.
npm ERR! code 1
npm ERR! path D:\HYF-homework-JS\Homework-class33
npm ERR! command failed
npm ERR! command C:\WINDOWS\system32\cmd.exe /d /s /c jest D:\\HYF-homework-JS\\Homework-class33\\1-JavaScript\\Week4\\homework\\ex2-mondaysWorth.test.js --colors

npm ERR! A complete log of this run can be found in:
npm ERR!     C:\Users\31610\AppData\Local\npm-cache\_logs\2021-07-18T18_50_05_047Z-debug.log
)
2021-07-18 08:53:16 info: -------------------------------------------------
2021-07-18 08:53:16 info: >>> Running Unit Test `ex2-mondaysWorth.test` <<<
2021-07-18 08:53:16 info: -------------------------------------------------
2021-07-18 08:53:19 error: *** Unit Test Error Report ***

Command failed: npx jest "D:\HYF-homework-JS\Homework-class33\1-JavaScript\Week4\homework\ex2-mondaysWorth.test.js" --colors
 FAIL  1-JavaScript/Week4/homework/ex2-mondaysWorth.test.js
  computeEarnings
    √ should take two parameters (2 ms)
    × should compute the earnings as a formatted Euro amount (3 ms)

  ● computeEarnings › should compute the earnings as a formatted Euro amount

    expect(received).toBe(expected) // Object.is equality

    Expected: "€187.50"
    Received: "€188"

      49 |     const result = computeEarnings(mondayTasks, hourlyRate);
      50 |     const expected = '€187.50';
    > 51 |     expect(result).toBe(expected);
         |                    ^
      52 |   });
      53 | });
      54 | 

      at Object.<anonymous> (1-JavaScript/Week4/homework/ex2-mondaysWorth.test.js:51:20)

Test Suites: 1 failed, 1 total
Tests:       1 failed, 1 passed, 2 total
Snapshots:   0 total
Time:        1.449 s, estimated 2 s
Ran all test suites matching /D:\\HYF-homework-JS\\Homework-class33\\1-JavaScript\\Week4\\homework\\ex2-mondaysWorth.test.js/i.
npm ERR! code 1
npm ERR! path D:\HYF-homework-JS\Homework-class33
npm ERR! command failed
npm ERR! command C:\WINDOWS\system32\cmd.exe /d /s /c jest D:\\HYF-homework-JS\\Homework-class33\\1-JavaScript\\Week4\\homework\\ex2-mondaysWorth.test.js --colors

npm ERR! A complete log of this run can be found in:
npm ERR!     C:\Users\31610\AppData\Local\npm-cache\_logs\2021-07-18T18_53_19_784Z-debug.log
)
2021-07-18 09:01:19 info: -------------------------------------------------
2021-07-18 09:01:19 info: >>> Running Unit Test `ex2-mondaysWorth.test` <<<
2021-07-18 09:01:19 info: -------------------------------------------------
2021-07-18 09:01:24 info: All unit tests passed.
2021-07-18 09:01:28 info: All steps were completed successfully
2021-07-19 10:07:27 info: -------------------------------------------------
2021-07-19 10:07:27 info: >>> Running Unit Test `ex3-lemonAllergy.test` <<<
2021-07-19 10:07:27 info: -------------------------------------------------
2021-07-19 10:07:37 error: *** Unit Test Error Report ***

Command failed: npx jest "D:\HYF-homework-JS\Homework-class33\1-JavaScript\Week4\homework\ex3-lemonAllergy.test.js" --colors
 FAIL  1-JavaScript/Week4/homework/ex3-lemonAllergy.test.js
  sanitizeFruitBasket
    × should take two parameters (6 ms)
    × should not modify the original `fruitBasket` array (3 ms)
    × should return a new array that does not include the unwanted `lemon` (1 ms)

  ● sanitizeFruitBasket › should take two parameters

    expect(received).toHaveLength(expected)

    Expected length:   2
    Received length:   1
    Received function: [Function sanitizeFruitBasket]

      35 | describe('sanitizeFruitBasket', () => {
      36 |   test('should take two parameters', () => {
    > 37 |     expect(sanitizeFruitBasket).toHaveLength(2);
         |                                 ^
      38 |   });
      39 | 
      40 |   test('should not modify the original `fruitBasket` array', () => {

      at Object.<anonymous> (1-JavaScript/Week4/homework/ex3-lemonAllergy.test.js:37:33)

  ● sanitizeFruitBasket › should not modify the original `fruitBasket` array

    expect(received).toBe(expected) // Object.is equality

    Expected: true
    Received: false

      43 |     const result = originalFruitBasketContents === fruitBasket;
      44 |     const expected = true;
    > 45 |     expect(result).toBe(expected);
         |                    ^
      46 |   });
      47 | 
      48 |   test('should return a new array that does not include the unwanted `lemon`', () => {

      at Object.<anonymous> (1-JavaScript/Week4/homework/ex3-lemonAllergy.test.js:45:20)

  ● sanitizeFruitBasket › should return a new array that does not include the unwanted `lemon`

    expect(received).toBe(expected) // Object.is equality

    Expected: false
    Received: true

      49 |     const result = sanitizeFruitBasket(fruitBasket).includes('lemon');
      50 |     const expected = false;
    > 51 |     expect(result).toBe(expected);
         |                    ^
      52 |   });
      53 | });
      54 | 

      at Object.<anonymous> (1-JavaScript/Week4/homework/ex3-lemonAllergy.test.js:51:20)

Test Suites: 1 failed, 1 total
Tests:       3 failed, 3 total
Snapshots:   0 total
Time:        5.231 s
Ran all test suites matching /D:\\HYF-homework-JS\\Homework-class33\\1-JavaScript\\Week4\\homework\\ex3-lemonAllergy.test.js/i.
npm ERR! code 1
npm ERR! path D:\HYF-homework-JS\Homework-class33
npm ERR! command failed
npm ERR! command C:\WINDOWS\system32\cmd.exe /d /s /c jest D:\\HYF-homework-JS\\Homework-class33\\1-JavaScript\\Week4\\homework\\ex3-lemonAllergy.test.js --colors

npm ERR! A complete log of this run can be found in:
npm ERR!     C:\Users\31610\AppData\Local\npm-cache\_logs\2021-07-19T08_07_37_179Z-debug.log
)
2021-07-19 10:10:29 info: -------------------------------------------------
2021-07-19 10:10:29 info: >>> Running Unit Test `ex3-lemonAllergy.test` <<<
2021-07-19 10:10:29 info: -------------------------------------------------
2021-07-19 10:10:33 error: *** Unit Test Error Report ***

Command failed: npx jest "D:\HYF-homework-JS\Homework-class33\1-JavaScript\Week4\homework\ex3-lemonAllergy.test.js" --colors
 FAIL  1-JavaScript/Week4/homework/ex3-lemonAllergy.test.js
  sanitizeFruitBasket
    √ should take two parameters (2 ms)
    × should not modify the original `fruitBasket` array (2 ms)
    √ should return a new array that does not include the unwanted `lemon` (1 ms)

  ● sanitizeFruitBasket › should not modify the original `fruitBasket` array

    expect(received).toBe(expected) // Object.is equality

    Expected: true
    Received: false

      43 |     const result = originalFruitBasketContents === fruitBasket;
      44 |     const expected = true;
    > 45 |     expect(result).toBe(expected);
         |                    ^
      46 |   });
      47 | 
      48 |   test('should return a new array that does not include the unwanted `lemon`', () => {

      at Object.<anonymous> (1-JavaScript/Week4/homework/ex3-lemonAllergy.test.js:45:20)

Test Suites: 1 failed, 1 total
Tests:       1 failed, 2 passed, 3 total
Snapshots:   0 total
Time:        1.316 s, estimated 2 s
Ran all test suites matching /D:\\HYF-homework-JS\\Homework-class33\\1-JavaScript\\Week4\\homework\\ex3-lemonAllergy.test.js/i.
npm ERR! code 1
npm ERR! path D:\HYF-homework-JS\Homework-class33
npm ERR! command failed
npm ERR! command C:\WINDOWS\system32\cmd.exe /d /s /c jest D:\\HYF-homework-JS\\Homework-class33\\1-JavaScript\\Week4\\homework\\ex3-lemonAllergy.test.js --colors

npm ERR! A complete log of this run can be found in:
npm ERR!     C:\Users\31610\AppData\Local\npm-cache\_logs\2021-07-19T08_10_33_484Z-debug.log
)
2021-07-19 10:11:26 info: -------------------------------------------------
2021-07-19 10:11:26 info: >>> Running Unit Test `ex3-lemonAllergy.test` <<<
2021-07-19 10:11:26 info: -------------------------------------------------
2021-07-19 10:11:30 info: All unit tests passed.
2021-07-19 10:11:33 info: All steps were completed successfully
2021-07-19 12:26:03 info: --------------------------------------
2021-07-19 12:26:03 info: >>> Running Unit Test `ex5-wallet` <<<
2021-07-19 12:26:03 info: --------------------------------------
2021-07-19 12:26:08 info: All unit tests passed.
2021-07-19 12:26:12 info: All steps were completed successfully
2021-07-19 12:33:02 info: ------------------------------------------
2021-07-19 12:33:02 info: >>> Running Unit Test `ex4-observable` <<<
2021-07-19 12:33:02 info: ------------------------------------------
2021-07-19 12:33:07 error: *** Unit Test Error Report ***

Command failed: npx jest "D:\HYF-homework-JS\Homework-class33\1-JavaScript\Week4\homework\ex4-observable\ex4-observable.test.js" --colors
 FAIL  1-JavaScript/Week4/homework/ex4-observable/ex4-observable.test.js
  createObservable
    √ should exist and be a function (3 ms)
    √ should return an object with `subscribe` and a `notify` function properties
    × should notify all subscribers of any notification (4 ms)

  ● createObservable › should notify all subscribers of any notification

    expect(jest.fn()).toHaveBeenCalledWith(...expected)

    Expected: "Hi!"

    Number of calls: 0

      28 | 
      29 |     // Assert that both listeners have been called with the Hi! message
    > 30 |     expect(listener1).toHaveBeenCalledWith('Hi!');
         |                       ^
      31 |     expect(listener2).toHaveBeenCalledWith('Hi!');
      32 |   });
      33 | });

      at Object.<anonymous> (1-JavaScript/Week4/homework/ex4-observable/ex4-observable.test.js:30:23)

Test Suites: 1 failed, 1 total
Tests:       1 failed, 2 passed, 3 total
Snapshots:   0 total
Time:        2.243 s
Ran all test suites matching /D:\\HYF-homework-JS\\Homework-class33\\1-JavaScript\\Week4\\homework\\ex4-observable\\ex4-observable.test.js/i.
npm ERR! code 1
npm ERR! path D:\HYF-homework-JS\Homework-class33
npm ERR! command failed
npm ERR! command C:\WINDOWS\system32\cmd.exe /d /s /c jest D:\\HYF-homework-JS\\Homework-class33\\1-JavaScript\\Week4\\homework\\ex4-observable\\ex4-observable.test.js --colors

npm ERR! A complete log of this run can be found in:
npm ERR!     C:\Users\31610\AppData\Local\npm-cache\_logs\2021-07-19T10_33_07_411Z-debug.log
)
2021-07-19 12:33:09 error: *** ESLint Report ***

ex4-observable/ex4-observable.js
  20:23  error  'message' is defined but never used  no-unused-vars

✖ 1 problem (1 error, 0 warnings)


2021-07-19 12:35:18 info: ------------------------------------------
2021-07-19 12:35:18 info: >>> Running Unit Test `ex4-observable` <<<
2021-07-19 12:35:18 info: ------------------------------------------
2021-07-19 12:35:22 error: *** Unit Test Error Report ***

Command failed: npx jest "D:\HYF-homework-JS\Homework-class33\1-JavaScript\Week4\homework\ex4-observable\ex4-observable.test.js" --colors
 FAIL  1-JavaScript/Week4/homework/ex4-observable/ex4-observable.test.js
  createObservable
    √ should exist and be a function (2 ms)
    √ should return an object with `subscribe` and a `notify` function properties (1 ms)
    × should notify all subscribers of any notification (3 ms)

  ● createObservable › should notify all subscribers of any notification

    TypeError: subscriber.notify is not a function

      20 |     notify: function (message) {
      21 |       for (let subscriber of subscribers) {
    > 22 |         subscriber.notify(message);
         |                    ^
      23 |       }
      24 |     },
      25 |   };

      at Object.notify (1-JavaScript/Week4/homework/ex4-observable/ex4-observable.js:22:20)
      at Object.<anonymous> (1-JavaScript/Week4/homework/ex4-observable/ex4-observable.test.js:27:16)

Test Suites: 1 failed, 1 total
Tests:       1 failed, 2 passed, 3 total
Snapshots:   0 total
Time:        2.186 s
Ran all test suites matching /D:\\HYF-homework-JS\\Homework-class33\\1-JavaScript\\Week4\\homework\\ex4-observable\\ex4-observable.test.js/i.
npm ERR! code 1
npm ERR! path D:\HYF-homework-JS\Homework-class33
npm ERR! command failed
npm ERR! command C:\WINDOWS\system32\cmd.exe /d /s /c jest D:\\HYF-homework-JS\\Homework-class33\\1-JavaScript\\Week4\\homework\\ex4-observable\\ex4-observable.test.js --colors

npm ERR! A complete log of this run can be found in:
npm ERR!     C:\Users\31610\AppData\Local\npm-cache\_logs\2021-07-19T10_35_22_596Z-debug.log
)
2021-07-19 12:35:24 error: *** ESLint Report ***

ex4-observable/ex4-observable.js
  21:16  warning  'subscriber' is never reassigned. Use 'const' instead  no-autofix/prefer-const

✖ 1 problem (0 errors, 1 warning)


2021-07-19 12:38:51 info: ------------------------------------------
2021-07-19 12:38:51 info: >>> Running Unit Test `ex4-observable` <<<
2021-07-19 12:38:51 info: ------------------------------------------
2021-07-19 12:38:54 error: *** Unit Test Error Report ***

Command failed: npx jest "D:\HYF-homework-JS\Homework-class33\1-JavaScript\Week4\homework\ex4-observable\ex4-observable.test.js" --colors
 FAIL  1-JavaScript/Week4/homework/ex4-observable/ex4-observable.test.js
  createObservable
    √ should exist and be a function (1 ms)
    √ should return an object with `subscribe` and a `notify` function properties (1 ms)
    × should notify all subscribers of any notification (1 ms)

  ● createObservable › should notify all subscribers of any notification

    TypeError: item.notify is not a function

      20 |     notify: function (message) {
      21 |       for (const item of subscribers) {
    > 22 |         item.notify(message);
         |              ^
      23 |       }
      24 |     },
      25 |   };

      at Object.notify (1-JavaScript/Week4/homework/ex4-observable/ex4-observable.js:22:14)
      at Object.<anonymous> (1-JavaScript/Week4/homework/ex4-observable/ex4-observable.test.js:27:16)

Test Suites: 1 failed, 1 total
Tests:       1 failed, 2 passed, 3 total
Snapshots:   0 total
Time:        1.306 s, estimated 2 s
Ran all test suites matching /D:\\HYF-homework-JS\\Homework-class33\\1-JavaScript\\Week4\\homework\\ex4-observable\\ex4-observable.test.js/i.
npm ERR! code 1
npm ERR! path D:\HYF-homework-JS\Homework-class33
npm ERR! command failed
npm ERR! command C:\WINDOWS\system32\cmd.exe /d /s /c jest D:\\HYF-homework-JS\\Homework-class33\\1-JavaScript\\Week4\\homework\\ex4-observable\\ex4-observable.test.js --colors

npm ERR! A complete log of this run can be found in:
npm ERR!     C:\Users\31610\AppData\Local\npm-cache\_logs\2021-07-19T10_38_54_379Z-debug.log
)
2021-07-19 12:40:38 info: ------------------------------------------
2021-07-19 12:40:38 info: >>> Running Unit Test `ex4-observable` <<<
2021-07-19 12:40:38 info: ------------------------------------------
2021-07-19 12:40:43 error: *** Unit Test Error Report ***

Command failed: npx jest "D:\HYF-homework-JS\Homework-class33\1-JavaScript\Week4\homework\ex4-observable\ex4-observable.test.js" --colors
 FAIL  1-JavaScript/Week4/homework/ex4-observable/ex4-observable.test.js
  createObservable
    √ should exist and be a function (2 ms)
    √ should return an object with `subscribe` and a `notify` function properties (1 ms)
    × should notify all subscribers of any notification (4 ms)

  ● createObservable › should notify all subscribers of any notification

    expect(jest.fn()).toHaveBeenCalledWith(...expected)

    Expected: "Hi!"

    Number of calls: 0

      28 | 
      29 |     // Assert that both listeners have been called with the Hi! message
    > 30 |     expect(listener1).toHaveBeenCalledWith('Hi!');
         |                       ^
      31 |     expect(listener2).toHaveBeenCalledWith('Hi!');
      32 |   });
      33 | });

      at Object.<anonymous> (1-JavaScript/Week4/homework/ex4-observable/ex4-observable.test.js:30:23)

Test Suites: 1 failed, 1 total
Tests:       1 failed, 2 passed, 3 total
Snapshots:   0 total
Time:        2.177 s
Ran all test suites matching /D:\\HYF-homework-JS\\Homework-class33\\1-JavaScript\\Week4\\homework\\ex4-observable\\ex4-observable.test.js/i.
npm ERR! code 1
npm ERR! path D:\HYF-homework-JS\Homework-class33
npm ERR! command failed
npm ERR! command C:\WINDOWS\system32\cmd.exe /d /s /c jest D:\\HYF-homework-JS\\Homework-class33\\1-JavaScript\\Week4\\homework\\ex4-observable\\ex4-observable.test.js --colors

npm ERR! A complete log of this run can be found in:
npm ERR!     C:\Users\31610\AppData\Local\npm-cache\_logs\2021-07-19T10_40_43_086Z-debug.log
)
2021-07-19 12:42:37 info: ------------------------------------------
2021-07-19 12:42:37 info: >>> Running Unit Test `ex4-observable` <<<
2021-07-19 12:42:37 info: ------------------------------------------
2021-07-19 12:42:40 info: All unit tests passed.
2021-07-19 12:42:43 info: All steps were completed successfully
2021-07-19 12:43:27 info: ------------------------------------------
2021-07-19 12:43:27 info: >>> Running Unit Test `ex4-observable` <<<
2021-07-19 12:43:27 info: ------------------------------------------
2021-07-19 12:43:31 info: All unit tests passed.
2021-07-19 12:43:36 info: All steps were completed successfully
2021-07-20 05:54:36 info: ------------------------------------------
2021-07-20 05:54:36 info: >>> Running Unit Test `ex4-observable` <<<
2021-07-20 05:54:36 info: ------------------------------------------
2021-07-20 05:54:49 info: All unit tests passed.
2021-07-20 05:54:57 info: All steps were completed successfully
2021-07-20 05:55:33 info: -------------------------------------------------
2021-07-20 05:55:33 info: >>> Running Unit Test `ex2-mondaysWorth.test` <<<
2021-07-20 05:55:33 info: -------------------------------------------------
2021-07-20 05:55:39 error: *** Unit Test Error Report ***

Command failed: npx jest "D:\HYF-homework-JS\Homework-class33\1-JavaScript\Week4\homework\ex2-mondaysWorth.test.js" --colors
 FAIL  1-JavaScript/Week4/homework/ex2-mondaysWorth.test.js
  computeEarnings
    √ should take two parameters (4 ms)
    × should compute the earnings as a formatted Euro amount (8 ms)

  ● computeEarnings › should compute the earnings as a formatted Euro amount

    expect(received).toBe(expected) // Object.is equality

    Expected: "€187.50"
    Received: "€26.68"

      52 |     const result = computeEarnings(mondayTasks, hourlyRate);
      53 |     const expected = '€187.50';
    > 54 |     expect(result).toBe(expected);
         |                    ^
      55 |   });
      56 | });
      57 | 

      at Object.<anonymous> (1-JavaScript/Week4/homework/ex2-mondaysWorth.test.js:54:20)

Test Suites: 1 failed, 1 total
Tests:       1 failed, 1 passed, 2 total
Snapshots:   0 total
Time:        2.897 s
Ran all test suites matching /D:\\HYF-homework-JS\\Homework-class33\\1-JavaScript\\Week4\\homework\\ex2-mondaysWorth.test.js/i.
npm ERR! code 1
npm ERR! path D:\HYF-homework-JS\Homework-class33
npm ERR! command failed
npm ERR! command C:\WINDOWS\system32\cmd.exe /d /s /c jest D:\\HYF-homework-JS\\Homework-class33\\1-JavaScript\\Week4\\homework\\ex2-mondaysWorth.test.js --colors

npm ERR! A complete log of this run can be found in:
npm ERR!     C:\Users\31610\AppData\Local\npm-cache\_logs\2021-07-20T03_55_39_670Z-debug.log
)
2021-07-20 05:59:58 info: -------------------------------------------------
2021-07-20 05:59:58 info: >>> Running Unit Test `ex2-mondaysWorth.test` <<<
2021-07-20 05:59:58 info: -------------------------------------------------
2021-07-20 06:00:03 info: All unit tests passed.
2021-07-20 06:00:08 info: All steps were completed successfully
2021-07-20 06:00:55 info: -------------------------------------------------
2021-07-20 06:00:55 info: >>> Running Unit Test `ex3-lemonAllergy.test` <<<
2021-07-20 06:00:55 info: -------------------------------------------------
2021-07-20 06:01:00 info: All unit tests passed.
2021-07-20 06:01:05 info: All steps were completed successfully
2021-07-20 06:01:25 info: ------------------------------------------
2021-07-20 06:01:25 info: >>> Running Unit Test `ex4-observable` <<<
2021-07-20 06:01:25 info: ------------------------------------------
2021-07-20 06:01:30 info: All unit tests passed.
2021-07-20 06:01:35 info: All steps were completed successfully
